d:\с++ лабы\lab2task1\lab2task1\debug\vc142.pdb
d:\с++ лабы\lab2task1\lab2task1\debug\vc142.idb
d:\с++ лабы\lab2task1\lab2task1\debug\lab2task1.obj
c:\users\user\desktop\lab2\lab2task1\debug\vc142.pdb
c:\users\user\desktop\lab2\lab2task1\debug\vc142.idb
c:\users\user\desktop\lab2\lab2task1\debug\lab2task1.obj
c:\users\user\desktop\lab2\lab2task1\debug\matrix.obj
c:\users\user\desktop\lab2\lab2task1\debug\vector.obj
d:\с++ лабы\lab2task1\debug\lab2task1.exe
d:\с++ лабы\lab2task1\debug\lab2task1.ilk
d:\с++ лабы\lab2task1\debug\lab2task1.pdb
c:\users\user\desktop\lab2\debug\lab2task1.exe
c:\users\user\desktop\lab2\debug\lab2task1.ilk
c:\users\user\desktop\lab2\debug\lab2task1.pdb
c:\users\user\desktop\lab2\lab2task1\debug\fraction.obj
c:\users\user\desktop\lab2\lab2task1\debug\lab2task2.obj
c:\users\user\desktop\lab2\lab2task1\debug\matrix1.obj
c:\users\user\desktop\lab2\lab2task1\debug\lab2task1.tlog\cl.command.1.tlog
c:\users\user\desktop\lab2\lab2task1\debug\lab2task1.tlog\cl.read.1.tlog
c:\users\user\desktop\lab2\lab2task1\debug\lab2task1.tlog\cl.write.1.tlog
c:\users\user\desktop\lab2\lab2task1\debug\lab2task1.tlog\link.command.1.tlog
c:\users\user\desktop\lab2\lab2task1\debug\lab2task1.tlog\link.read.1.tlog
c:\users\user\desktop\lab2\lab2task1\debug\lab2task1.tlog\link.write.1.tlog
