c:\users\user\desktop\lab2task1\lab2task2\debug\vc142.pdb
c:\users\user\desktop\lab2task1\lab2task2\debug\vc142.idb
c:\users\user\desktop\lab2task1\lab2task2\debug\lab2task2.obj
c:\users\user\desktop\lab2task1\lab2task2\debug\fraction.obj
c:\users\user\desktop\lab2task1\debug\lab2task2.exe
c:\users\user\desktop\lab2task1\debug\lab2task2.ilk
c:\users\user\desktop\lab2task1\debug\lab2task2.pdb
c:\users\user\desktop\lab2\lab2task2\debug\fraction.obj
c:\users\user\desktop\lab2\lab2task2\debug\lab2task2.obj
c:\users\user\desktop\lab2\lab2task2\debug\vc142.idb
c:\users\user\desktop\lab2\lab2task2\debug\vc142.pdb
c:\users\user\desktop\lab2\debug\lab2task2.pdb
c:\users\user\desktop\lab2\debug\lab2task2.exe
c:\users\user\desktop\lab2\debug\lab2task2.ilk
c:\users\user\desktop\lab2\lab2task2\debug\lab2task2.tlog\cl.command.1.tlog
c:\users\user\desktop\lab2\lab2task2\debug\lab2task2.tlog\cl.read.1.tlog
c:\users\user\desktop\lab2\lab2task2\debug\lab2task2.tlog\cl.write.1.tlog
c:\users\user\desktop\lab2\lab2task2\debug\lab2task2.tlog\link.command.1.tlog
c:\users\user\desktop\lab2\lab2task2\debug\lab2task2.tlog\link.read.1.tlog
c:\users\user\desktop\lab2\lab2task2\debug\lab2task2.tlog\link.write.1.tlog
